Performing C SOURCE FILE Test CMAKE_HAVE_LIBC_PTHREAD failed with the following output:
Change Dir: /home/pi/libsurv_udp/build/CMakeFiles/CMakeTmp

Run Build Command(s):/usr/bin/gmake cmTC_65745/fast && /usr/bin/gmake  -f CMakeFiles/cmTC_65745.dir/build.make CMakeFiles/cmTC_65745.dir/build
gmake[1]: Entering directory '/home/pi/libsurv_udp/build/CMakeFiles/CMakeTmp'
Building C object CMakeFiles/cmTC_65745.dir/src.c.o
/usr/bin/cc   -DCMAKE_HAVE_LIBC_PTHREAD -o CMakeFiles/cmTC_65745.dir/src.c.o -c /home/pi/libsurv_udp/build/CMakeFiles/CMakeTmp/src.c
Linking C executable cmTC_65745
/usr/bin/cmake -E cmake_link_script CMakeFiles/cmTC_65745.dir/link.txt --verbose=1
/usr/bin/cc  -DCMAKE_HAVE_LIBC_PTHREAD CMakeFiles/cmTC_65745.dir/src.c.o -o cmTC_65745  -lz 
/usr/bin/ld: CMakeFiles/cmTC_65745.dir/src.c.o: in function `main':
src.c:(.text+0x40): undefined reference to `pthread_create'
/usr/bin/ld: src.c:(.text+0x4c): undefined reference to `pthread_detach'
/usr/bin/ld: src.c:(.text+0x58): undefined reference to `pthread_cancel'
/usr/bin/ld: src.c:(.text+0x68): undefined reference to `pthread_join'
collect2: error: ld returned 1 exit status
gmake[1]: *** [CMakeFiles/cmTC_65745.dir/build.make:106: cmTC_65745] Error 1
gmake[1]: Leaving directory '/home/pi/libsurv_udp/build/CMakeFiles/CMakeTmp'
gmake: *** [Makefile:140: cmTC_65745/fast] Error 2


Source file was:
#include <pthread.h>

void* test_func(void* data)
{
  return data;
}

int main(void)
{
  pthread_t thread;
  pthread_create(&thread, NULL, test_func, NULL);
  pthread_detach(thread);
  pthread_cancel(thread);
  pthread_join(thread, NULL);
  pthread_atfork(NULL, NULL, NULL);
  pthread_exit(NULL);

  return 0;
}

Determining if the include file gattlib.h exists failed with the following output:
Change Dir: /home/pi/libsurv_udp/build/CMakeFiles/CMakeTmp

Run Build Command(s):/usr/bin/gmake cmTC_b3d20/fast && /usr/bin/gmake  -f CMakeFiles/cmTC_b3d20.dir/build.make CMakeFiles/cmTC_b3d20.dir/build
gmake[1]: Entering directory '/home/pi/libsurv_udp/build/CMakeFiles/CMakeTmp'
Building C object CMakeFiles/cmTC_b3d20.dir/CheckIncludeFile.c.o
/usr/bin/cc    -o CMakeFiles/cmTC_b3d20.dir/CheckIncludeFile.c.o -c /home/pi/libsurv_udp/build/CMakeFiles/CMakeTmp/CheckIncludeFile.c
/home/pi/libsurv_udp/build/CMakeFiles/CMakeTmp/CheckIncludeFile.c:1:10: fatal error: gattlib.h: No such file or directory
    1 | #include <gattlib.h>
      |          ^~~~~~~~~~~
compilation terminated.
gmake[1]: *** [CMakeFiles/cmTC_b3d20.dir/build.make:85: CMakeFiles/cmTC_b3d20.dir/CheckIncludeFile.c.o] Error 1
gmake[1]: Leaving directory '/home/pi/libsurv_udp/build/CMakeFiles/CMakeTmp'
gmake: *** [Makefile:140: cmTC_b3d20/fast] Error 2



Determining if the include file lapacke/lapacke.h exists failed with the following output:
Change Dir: /home/pi/libsurv_udp/build/CMakeFiles/CMakeTmp

Run Build Command(s):/usr/bin/gmake cmTC_7c0bc/fast && /usr/bin/gmake  -f CMakeFiles/cmTC_7c0bc.dir/build.make CMakeFiles/cmTC_7c0bc.dir/build
gmake[1]: Entering directory '/home/pi/libsurv_udp/build/CMakeFiles/CMakeTmp'
Building C object CMakeFiles/cmTC_7c0bc.dir/CheckIncludeFile.c.o
/usr/bin/cc   -fPIC -Wall -Wno-unused-variable -Wno-switch -Wno-parentheses -Wno-missing-braces -Werror=return-type -fvisibility=hidden -Werror=vla -fno-math-errno -Werror=pointer-arith -std=gnu99 -Werror=incompatible-pointer-types -Werror=implicit-function-declaration -Werror=missing-field-initializers  -fPIC -Wall -Wno-unused-variable -Wno-switch -Wno-parentheses -Wno-missing-braces -Werror=return-type -fvisibility=hidden -Werror=vla -fno-math-errno -Werror=pointer-arith -std=gnu99 -Werror=incompatible-pointer-types -Werror=implicit-function-declaration -Werror=missing-field-initializers  -fPIC -Wall -Wno-unused-variable -Wno-switch -Wno-parentheses -Wno-missing-braces -Werror=return-type -fvisibility=hidden -Werror=vla -fno-math-errno -Werror=missing-field-initializers -Werror=pointer-arith -std=gnu99 -Werror=incompatible-pointer-types -Werror=implicit-function-declaration   -o CMakeFiles/cmTC_7c0bc.dir/CheckIncludeFile.c.o -c /home/pi/libsurv_udp/build/CMakeFiles/CMakeTmp/CheckIncludeFile.c
/home/pi/libsurv_udp/build/CMakeFiles/CMakeTmp/CheckIncludeFile.c:1:10: fatal error: lapacke/lapacke.h: No such file or directory
    1 | #include <lapacke/lapacke.h>
      |          ^~~~~~~~~~~~~~~~~~~
compilation terminated.
gmake[1]: *** [CMakeFiles/cmTC_7c0bc.dir/build.make:85: CMakeFiles/cmTC_7c0bc.dir/CheckIncludeFile.c.o] Error 1
gmake[1]: Leaving directory '/home/pi/libsurv_udp/build/CMakeFiles/CMakeTmp'
gmake: *** [Makefile:140: cmTC_7c0bc/fast] Error 2



Determining if the include file libusb.h exists failed with the following output:
Change Dir: /home/pi/libsurv_udp/build/CMakeFiles/CMakeTmp

Run Build Command(s):/usr/bin/gmake cmTC_fe9e9/fast && /usr/bin/gmake  -f CMakeFiles/cmTC_fe9e9.dir/build.make CMakeFiles/cmTC_fe9e9.dir/build
gmake[1]: Entering directory '/home/pi/libsurv_udp/build/CMakeFiles/CMakeTmp'
Building C object CMakeFiles/cmTC_fe9e9.dir/CheckIncludeFile.c.o
/usr/bin/cc -D_GNU_SOURCE  -fPIC -Wall -Wno-unused-variable -Wno-switch -Wno-parentheses -Wno-missing-braces -Werror=return-type -fvisibility=hidden -Werror=vla -fno-math-errno -Werror=pointer-arith -std=gnu99 -Werror=incompatible-pointer-types -Werror=implicit-function-declaration -Werror=missing-field-initializers   -o CMakeFiles/cmTC_fe9e9.dir/CheckIncludeFile.c.o -c /home/pi/libsurv_udp/build/CMakeFiles/CMakeTmp/CheckIncludeFile.c
/home/pi/libsurv_udp/build/CMakeFiles/CMakeTmp/CheckIncludeFile.c:1:10: fatal error: libusb.h: No such file or directory
    1 | #include <libusb.h>
      |          ^~~~~~~~~~
compilation terminated.
gmake[1]: *** [CMakeFiles/cmTC_fe9e9.dir/build.make:85: CMakeFiles/cmTC_fe9e9.dir/CheckIncludeFile.c.o] Error 1
gmake[1]: Leaving directory '/home/pi/libsurv_udp/build/CMakeFiles/CMakeTmp'
gmake: *** [Makefile:140: cmTC_fe9e9/fast] Error 2



Determining if the include file libusb/libusb.h exists failed with the following output:
Change Dir: /home/pi/libsurv_udp/build/CMakeFiles/CMakeTmp

Run Build Command(s):/usr/bin/gmake cmTC_903b8/fast && /usr/bin/gmake  -f CMakeFiles/cmTC_903b8.dir/build.make CMakeFiles/cmTC_903b8.dir/build
gmake[1]: Entering directory '/home/pi/libsurv_udp/build/CMakeFiles/CMakeTmp'
Building C object CMakeFiles/cmTC_903b8.dir/CheckIncludeFile.c.o
/usr/bin/cc -D_GNU_SOURCE  -fPIC -Wall -Wno-unused-variable -Wno-switch -Wno-parentheses -Wno-missing-braces -Werror=return-type -fvisibility=hidden -Werror=vla -fno-math-errno -Werror=pointer-arith -std=gnu99 -Werror=incompatible-pointer-types -Werror=implicit-function-declaration -Werror=missing-field-initializers   -o CMakeFiles/cmTC_903b8.dir/CheckIncludeFile.c.o -c /home/pi/libsurv_udp/build/CMakeFiles/CMakeTmp/CheckIncludeFile.c
/home/pi/libsurv_udp/build/CMakeFiles/CMakeTmp/CheckIncludeFile.c:1:10: fatal error: libusb/libusb.h: No such file or directory
    1 | #include <libusb/libusb.h>
      |          ^~~~~~~~~~~~~~~~~
compilation terminated.
gmake[1]: *** [CMakeFiles/cmTC_903b8.dir/build.make:85: CMakeFiles/cmTC_903b8.dir/CheckIncludeFile.c.o] Error 1
gmake[1]: Leaving directory '/home/pi/libsurv_udp/build/CMakeFiles/CMakeTmp'
gmake: *** [Makefile:140: cmTC_903b8/fast] Error 2



